  cListaT.cpp
C:\Users\Owne\source\repos\TP-FINAL\TP final 3.0\cListaT.cpp(64,2): error C3861: 'cout': identifier not found
C:\Users\Owne\source\repos\TP-FINAL\TP final 3.0\cListaT.cpp(64,35): error C3861: 'endl': identifier not found
  cService.cpp
C:\Users\Owne\source\repos\TP-FINAL\TP final 3.0\cService.cpp(22,1): error C2084: function 'void cService::Pausar(int)' already has a body
C:\Users\Owne\source\repos\TP-FINAL\TP final 3.0\cService.h(24): message : see previous definition of 'Pausar'
C:\Users\Owne\source\repos\TP-FINAL\TP final 3.0\cService.cpp(27,1): error C2084: function 'void cService::Apagar(void)' already has a body
C:\Users\Owne\source\repos\TP-FINAL\TP final 3.0\cService.h(25): message : see previous definition of 'Apagar'
C:\Users\Owne\source\repos\TP-FINAL\TP final 3.0\cService.cpp(33,7): error C2027: use of undefined type 'cUsuario'
C:\Users\Owne\source\repos\TP-FINAL\TP final 3.0\cService.h(6): message : see declaration of 'cUsuario'
C:\Users\Owne\source\repos\TP-FINAL\TP final 3.0\cService.cpp(37,5): error C2027: use of undefined type 'cUsuario'
C:\Users\Owne\source\repos\TP-FINAL\TP final 3.0\cService.h(6): message : see declaration of 'cUsuario'
  cStreaming.cpp
C:\Users\Owne\source\repos\TP-FINAL\TP final 3.0\cUsuario.h(10,21): error C2365: 'free': redefinition; previous definition was 'function'
C:\Program Files (x86)\Windows Kits\10\Include\10.0.18362.0\ucrt\corecrt_malloc.h(85): message : see declaration of 'free'
C:\Users\Owne\source\repos\TP-FINAL\TP final 3.0\cService.h(7,19): error C2011: 'tipoServicio': 'enum' type redefinition
C:\Users\Owne\source\repos\TP-FINAL\TP final 3.0\cService.h(7): message : see declaration of 'tipoServicio'
C:\Users\Owne\source\repos\TP-FINAL\TP final 3.0\cService.h(12,1): error C2011: 'cService': 'class' type redefinition
C:\Users\Owne\source\repos\TP-FINAL\TP final 3.0\cService.h(11): message : see declaration of 'cService'
C:\Users\Owne\source\repos\TP-FINAL\TP final 3.0\cUsuario.h(10,19): error C2011: 'eTipoUsuario': 'enum' type redefinition
C:\Users\Owne\source\repos\TP-FINAL\TP final 3.0\cUsuario.h(10): message : see declaration of 'eTipoUsuario'
C:\Users\Owne\source\repos\TP-FINAL\TP final 3.0\cUsuario.h(13,1): error C2011: 'cUsuario': 'class' type redefinition
C:\Users\Owne\source\repos\TP-FINAL\TP final 3.0\cService.h(6): message : see declaration of 'cUsuario'
C:\Users\Owne\source\repos\TP-FINAL\TP final 3.0\cStreaming.cpp(20,5): error C2027: use of undefined type 'cUsuario'
C:\Users\Owne\source\repos\TP-FINAL\TP final 3.0\cService.h(6): message : see declaration of 'cUsuario'
C:\Users\Owne\source\repos\TP-FINAL\TP final 3.0\cStreaming.cpp(45,6): error C2027: use of undefined type 'cUsuario'
C:\Users\Owne\source\repos\TP-FINAL\TP final 3.0\cService.h(6): message : see declaration of 'cUsuario'
C:\Users\Owne\source\repos\TP-FINAL\TP final 3.0\cStreaming.cpp(45,6): error C2660: 'cStreaming::Loguearse': function does not take 1 arguments
C:\Users\Owne\source\repos\TP-FINAL\TP final 3.0\cStreaming.cpp(16,18): message : see declaration of 'cStreaming::Loguearse'
C:\Users\Owne\source\repos\TP-FINAL\TP final 3.0\cStreaming.cpp(47,22): error C2027: use of undefined type 'cUsuario'
C:\Users\Owne\source\repos\TP-FINAL\TP final 3.0\cService.h(6): message : see declaration of 'cUsuario'
C:\Users\Owne\source\repos\TP-FINAL\TP final 3.0\cStreaming.cpp(48,63): error C2680: 'cService *': invalid target type for dynamic_cast
C:\Users\Owne\source\repos\TP-FINAL\TP final 3.0\cStreaming.cpp(48,63): message : 'cService': class must be defined before using in a dynamic_cast
C:\Users\Owne\source\repos\TP-FINAL\TP final 3.0\cStreaming.cpp(49,7): error C2027: use of undefined type 'cUsuario'
C:\Users\Owne\source\repos\TP-FINAL\TP final 3.0\cService.h(6): message : see declaration of 'cUsuario'
C:\Users\Owne\source\repos\TP-FINAL\TP final 3.0\cStreaming.cpp(51,25): error C2027: use of undefined type 'cService'
C:\Users\Owne\source\repos\TP-FINAL\TP final 3.0\cService.h(11): message : see declaration of 'cService'
C:\Users\Owne\source\repos\TP-FINAL\TP final 3.0\cStreaming.cpp(52,9): error C2027: use of undefined type 'cUsuario'
C:\Users\Owne\source\repos\TP-FINAL\TP final 3.0\cService.h(6): message : see declaration of 'cUsuario'
C:\Users\Owne\source\repos\TP-FINAL\TP final 3.0\cStreaming.cpp(54,22): error C2027: use of undefined type 'cService'
C:\Users\Owne\source\repos\TP-FINAL\TP final 3.0\cService.h(11): message : see declaration of 'cService'
C:\Users\Owne\source\repos\TP-FINAL\TP final 3.0\cStreaming.cpp(54,33): error C2660: 'cStreaming::Explorar': function does not take 1 arguments
C:\Users\Owne\source\repos\TP-FINAL\TP final 3.0\cStreaming.h(31,7): message : see declaration of 'cStreaming::Explorar'
C:\Users\Owne\source\repos\TP-FINAL\TP final 3.0\cStreaming.cpp(56,8): error C2027: use of undefined type 'cService'
C:\Users\Owne\source\repos\TP-FINAL\TP final 3.0\cService.h(11): message : see declaration of 'cService'
C:\Users\Owne\source\repos\TP-FINAL\TP final 3.0\cStreaming.cpp(57,8): error C2027: use of undefined type 'cService'
C:\Users\Owne\source\repos\TP-FINAL\TP final 3.0\cService.h(11): message : see declaration of 'cService'
C:\Users\Owne\source\repos\TP-FINAL\TP final 3.0\cStreaming.cpp(58,19): error C2027: use of undefined type 'cUsuario'
C:\Users\Owne\source\repos\TP-FINAL\TP final 3.0\cService.h(6): message : see declaration of 'cUsuario'
C:\Users\Owne\source\repos\TP-FINAL\TP final 3.0\cStreaming.cpp(59,15): warning C4244: 'initializing': conversion from 'double' to 'time_t', possible loss of data
C:\Users\Owne\source\repos\TP-FINAL\TP final 3.0\cStreaming.cpp(60,32): error C2027: use of undefined type 'cUsuario'
C:\Users\Owne\source\repos\TP-FINAL\TP final 3.0\cService.h(6): message : see declaration of 'cUsuario'
C:\Users\Owne\source\repos\TP-FINAL\TP final 3.0\cStreaming.cpp(60,51): error C2027: use of undefined type 'cService'
C:\Users\Owne\source\repos\TP-FINAL\TP final 3.0\cService.h(11): message : see declaration of 'cService'
C:\Users\Owne\source\repos\TP-FINAL\TP final 3.0\cStreaming.cpp(60,74): error C2027: use of undefined type 'cUsuario'
C:\Users\Owne\source\repos\TP-FINAL\TP final 3.0\cService.h(6): message : see declaration of 'cUsuario'
C:\Users\Owne\source\repos\TP-FINAL\TP final 3.0\cStreaming.cpp(60,89): error C2027: use of undefined type 'cService'
C:\Users\Owne\source\repos\TP-FINAL\TP final 3.0\cService.h(11): message : see declaration of 'cService'
C:\Users\Owne\source\repos\TP-FINAL\TP final 3.0\cStreaming.cpp(60,114): error C2661: 'Log::Log': no overloaded function takes 4 arguments
C:\Users\Owne\source\repos\TP-FINAL\TP final 3.0\cStreaming.cpp(63,14): warning C4150: deletion of pointer to incomplete type 'cUsuario'; no destructor called
C:\Users\Owne\source\repos\TP-FINAL\TP final 3.0\cService.h(6): message : see declaration of 'cUsuario'
C:\Users\Owne\source\repos\TP-FINAL\TP final 3.0\cStreaming.cpp(91,5): error C2027: use of undefined type 'cUsuario'
C:\Users\Owne\source\repos\TP-FINAL\TP final 3.0\cService.h(6): message : see declaration of 'cUsuario'
C:\Users\Owne\source\repos\TP-FINAL\TP final 3.0\cStreaming.cpp(93,20): warning C4018: '<': signed/unsigned mismatch
C:\Users\Owne\source\repos\TP-FINAL\TP final 3.0\cStreaming.cpp(96,62): error C2680: 'cService *': invalid target type for dynamic_cast
C:\Users\Owne\source\repos\TP-FINAL\TP final 3.0\cStreaming.cpp(96,62): message : 'cService': class must be defined before using in a dynamic_cast
C:\Users\Owne\source\repos\TP-FINAL\TP final 3.0\cStreaming.cpp(98,6): error C2027: use of undefined type 'cService'
C:\Users\Owne\source\repos\TP-FINAL\TP final 3.0\cService.h(11): message : see declaration of 'cService'
C:\Users\Owne\source\repos\TP-FINAL\TP final 3.0\cStreaming.cpp(98,6): error C2027: use of undefined type 'cUsuario'
C:\Users\Owne\source\repos\TP-FINAL\TP final 3.0\cService.h(6): message : see declaration of 'cUsuario'
C:\Users\Owne\source\repos\TP-FINAL\TP final 3.0\cStreaming.cpp(99,14): error C2027: use of undefined type 'cService'
C:\Users\Owne\source\repos\TP-FINAL\TP final 3.0\cService.h(11): message : see declaration of 'cService'
C:\Users\Owne\source\repos\TP-FINAL\TP final 3.0\cStreaming.cpp(103,5): error C2027: use of undefined type 'cUsuario'
C:\Users\Owne\source\repos\TP-FINAL\TP final 3.0\cService.h(6): message : see declaration of 'cUsuario'
C:\Users\Owne\source\repos\TP-FINAL\TP final 3.0\cStreaming.cpp(104,20): warning C4018: '<': signed/unsigned mismatch
C:\Users\Owne\source\repos\TP-FINAL\TP final 3.0\cStreaming.cpp(106,62): error C2680: 'cService *': invalid target type for dynamic_cast
C:\Users\Owne\source\repos\TP-FINAL\TP final 3.0\cStreaming.cpp(106,62): message : 'cService': class must be defined before using in a dynamic_cast
C:\Users\Owne\source\repos\TP-FINAL\TP final 3.0\cStreaming.cpp(108,6): error C2027: use of undefined type 'cService'
C:\Users\Owne\source\repos\TP-FINAL\TP final 3.0\cService.h(11): message : see declaration of 'cService'
C:\Users\Owne\source\repos\TP-FINAL\TP final 3.0\cStreaming.cpp(109,7): error C2027: use of undefined type 'cService'
C:\Users\Owne\source\repos\TP-FINAL\TP final 3.0\cService.h(11): message : see declaration of 'cService'
C:\Users\Owne\source\repos\TP-FINAL\TP final 3.0\cStreaming.cpp(109,7): error C2027: use of undefined type 'cUsuario'
C:\Users\Owne\source\repos\TP-FINAL\TP final 3.0\cService.h(6): message : see declaration of 'cUsuario'
C:\Users\Owne\source\repos\TP-FINAL\TP final 3.0\cStreaming.cpp(110,14): error C2027: use of undefined type 'cService'
C:\Users\Owne\source\repos\TP-FINAL\TP final 3.0\cService.h(11): message : see declaration of 'cService'
C:\Users\Owne\source\repos\TP-FINAL\TP final 3.0\cStreaming.cpp(114,5): error C2027: use of undefined type 'cUsuario'
C:\Users\Owne\source\repos\TP-FINAL\TP final 3.0\cService.h(6): message : see declaration of 'cUsuario'
C:\Users\Owne\source\repos\TP-FINAL\TP final 3.0\cStreaming.cpp(116,20): warning C4018: '<': signed/unsigned mismatch
C:\Users\Owne\source\repos\TP-FINAL\TP final 3.0\cStreaming.cpp(118,62): error C2680: 'cService *': invalid target type for dynamic_cast
C:\Users\Owne\source\repos\TP-FINAL\TP final 3.0\cStreaming.cpp(118,62): message : 'cService': class must be defined before using in a dynamic_cast
C:\Users\Owne\source\repos\TP-FINAL\TP final 3.0\cStreaming.cpp(119,7): error C2027: use of undefined type 'cService'
C:\Users\Owne\source\repos\TP-FINAL\TP final 3.0\cService.h(11): message : see declaration of 'cService'
C:\Users\Owne\source\repos\TP-FINAL\TP final 3.0\cStreaming.cpp(119,7): error C2027: use of undefined type 'cUsuario'
C:\Users\Owne\source\repos\TP-FINAL\TP final 3.0\cService.h(6): message : see declaration of 'cUsuario'
C:\Users\Owne\source\repos\TP-FINAL\TP final 3.0\cStreaming.cpp(120,17): error C2027: use of undefined type 'cService'
C:\Users\Owne\source\repos\TP-FINAL\TP final 3.0\cService.h(11): message : see declaration of 'cService'
  cUsuario.cpp
C:\Users\Owne\source\repos\TP-FINAL\TP final 3.0\cUsuario.h(10,21): error C2365: 'free': redefinition; previous definition was 'function'
C:\Program Files (x86)\Windows Kits\10\Include\10.0.18362.0\ucrt\corecrt_malloc.h(85): message : see declaration of 'free'
C:\Users\Owne\source\repos\TP-FINAL\TP final 3.0\cUsuario.cpp(33,9): error C2561: 'cUsuario::online': function must return a value
C:\Users\Owne\source\repos\TP-FINAL\TP final 3.0\cUsuario.cpp(30): message : see declaration of 'cUsuario::online'
C:\Users\Owne\source\repos\TP-FINAL\TP final 3.0\cUsuario.cpp(43,16): error C2039: 'AgregarFavoritos': is not a member of 'cUsuario'
C:\Users\Owne\source\repos\TP-FINAL\TP final 3.0\cUsuario.h(12): message : see declaration of 'cUsuario'
C:\Users\Owne\source\repos\TP-FINAL\TP final 3.0\cUsuario.cpp(45,2): error C2065: 'favoritos': undeclared identifier
C:\Users\Owne\source\repos\TP-FINAL\TP final 3.0\cUsuario.cpp(56,9): error C2561: 'cUsuario::offline': function must return a value
C:\Users\Owne\source\repos\TP-FINAL\TP final 3.0\cUsuario.cpp(53): message : see declaration of 'cUsuario::offline'
C:\Users\Owne\source\repos\TP-FINAL\TP final 3.0\cUsuario.cpp(63,18): error C2039: 'getUsername': is not a member of 'cUsuario'
C:\Users\Owne\source\repos\TP-FINAL\TP final 3.0\cUsuario.h(12): message : see declaration of 'cUsuario'
C:\Users\Owne\source\repos\TP-FINAL\TP final 3.0\cUsuario.cpp(65,9): error C2065: 'usuario': undeclared identifier
  Log.cpp
C:\Users\Owne\source\repos\TP-FINAL\TP final 3.0\cUsuario.h(10,21): error C2365: 'free': redefinition; previous definition was 'function'
C:\Program Files (x86)\Windows Kits\10\Include\10.0.18362.0\ucrt\corecrt_malloc.h(85): message : see declaration of 'free'
C:\Users\Owne\source\repos\TP-FINAL\TP final 3.0\cService.h(7,19): error C2011: 'tipoServicio': 'enum' type redefinition
C:\Users\Owne\source\repos\TP-FINAL\TP final 3.0\cService.h(7): message : see declaration of 'tipoServicio'
C:\Users\Owne\source\repos\TP-FINAL\TP final 3.0\cService.h(12,1): error C2011: 'cService': 'class' type redefinition
C:\Users\Owne\source\repos\TP-FINAL\TP final 3.0\cService.h(11): message : see declaration of 'cService'
C:\Users\Owne\source\repos\TP-FINAL\TP final 3.0\Log.cpp(11,12): warning C4552: '-': result of expression not used
  Logger.cpp
C:\Users\Owne\source\repos\TP-FINAL\TP final 3.0\cUsuario.h(10,21): error C2365: 'free': redefinition; previous definition was 'function'
C:\Program Files (x86)\Windows Kits\10\Include\10.0.18362.0\ucrt\corecrt_malloc.h(85): message : see declaration of 'free'
C:\Users\Owne\source\repos\TP-FINAL\TP final 3.0\cService.h(7,19): error C2011: 'tipoServicio': 'enum' type redefinition
C:\Users\Owne\source\repos\TP-FINAL\TP final 3.0\cService.h(7): message : see declaration of 'tipoServicio'
C:\Users\Owne\source\repos\TP-FINAL\TP final 3.0\cService.h(12,1): error C2011: 'cService': 'class' type redefinition
C:\Users\Owne\source\repos\TP-FINAL\TP final 3.0\cService.h(11): message : see declaration of 'cService'
C:\Users\Owne\source\repos\TP-FINAL\TP final 3.0\Logger.cpp(46,31): error C2677: binary '==': no global operator found which takes type 'tipoServicio' (or there is no acceptable conversion)
C:\Users\Owne\source\repos\TP-FINAL\TP final 3.0\Logger.cpp(46,59): error C2677: binary '>=': no global operator found which takes type 'Dia' (or there is no acceptable conversion)
C:\Users\Owne\source\repos\TP-FINAL\TP final 3.0\Logger.cpp(46,83): error C2677: binary '<=': no global operator found which takes type 'Dia' (or there is no acceptable conversion)
C:\Users\Owne\source\repos\TP-FINAL\TP final 3.0\Logger.cpp(46,107): error C2677: binary '>=': no global operator found which takes type 'Mes' (or there is no acceptable conversion)
C:\Users\Owne\source\repos\TP-FINAL\TP final 3.0\Logger.cpp(46,130): error C2677: binary '<=': no global operator found which takes type 'Mes' (or there is no acceptable conversion)
C:\Users\Owne\source\repos\TP-FINAL\TP final 3.0\Logger.cpp(46,161): error C3867: 'Log::getanio': non-standard syntax; use '&' to create a pointer to member
C:\Users\Owne\source\repos\TP-FINAL\TP final 3.0\Logger.cpp(46,161): error C2446: '==': no conversion from 'int' to 'int (__thiscall Log::* )(void)'
C:\Users\Owne\source\repos\TP-FINAL\TP final 3.0\Logger.cpp(46,156): message : There are no conversions from integral values to pointer-to-member values
C:\Users\Owne\source\repos\TP-FINAL\TP final 3.0\Logger.cpp(55,32): error C2677: binary '==': no global operator found which takes type 'tipoServicio' (or there is no acceptable conversion)
C:\Users\Owne\source\repos\TP-FINAL\TP final 3.0\Logger.cpp(55,60): error C2677: binary '>=': no global operator found which takes type 'Dia' (or there is no acceptable conversion)
C:\Users\Owne\source\repos\TP-FINAL\TP final 3.0\Logger.cpp(55,84): error C2677: binary '<=': no global operator found which takes type 'Dia' (or there is no acceptable conversion)
C:\Users\Owne\source\repos\TP-FINAL\TP final 3.0\Logger.cpp(55,108): error C2677: binary '>=': no global operator found which takes type 'Mes' (or there is no acceptable conversion)
C:\Users\Owne\source\repos\TP-FINAL\TP final 3.0\Logger.cpp(55,131): error C2677: binary '<=': no global operator found which takes type 'Mes' (or there is no acceptable conversion)
C:\Users\Owne\source\repos\TP-FINAL\TP final 3.0\Logger.cpp(55,6): error C3867: 'Log::getanio': non-standard syntax; use '&' to create a pointer to member
C:\Users\Owne\source\repos\TP-FINAL\TP final 3.0\Logger.cpp(55,6): error C2446: '==': no conversion from 'int' to 'int (__thiscall Log::* )(void)'
C:\Users\Owne\source\repos\TP-FINAL\TP final 3.0\Logger.cpp(55,157): message : There are no conversions from integral values to pointer-to-member values
C:\Users\Owne\source\repos\TP-FINAL\TP final 3.0\Logger.cpp(65,27): error C3867: 'Log::getnombreS': non-standard syntax; use '&' to create a pointer to member
C:\Users\Owne\source\repos\TP-FINAL\TP final 3.0\Logger.cpp(65,27): error C2440: 'return': cannot convert from 'std::string (__thiscall Log::* )(void)' to 'std::basic_string<char,std::char_traits<char>,std::allocator<char>>'
C:\Users\Owne\source\repos\TP-FINAL\TP final 3.0\Logger.cpp(65,27): message : No constructor could take the source type, or constructor overload resolution was ambiguous
C:\Users\Owne\source\repos\TP-FINAL\TP final 3.0\Logger.cpp(75,31): error C2677: binary '==': no global operator found which takes type 'tipoServicio' (or there is no acceptable conversion)
C:\Users\Owne\source\repos\TP-FINAL\TP final 3.0\Logger.cpp(75,56): error C2677: binary '>=': no global operator found which takes type 'Dia' (or there is no acceptable conversion)
C:\Users\Owne\source\repos\TP-FINAL\TP final 3.0\Logger.cpp(75,80): error C2677: binary '<=': no global operator found which takes type 'Dia' (or there is no acceptable conversion)
C:\Users\Owne\source\repos\TP-FINAL\TP final 3.0\Logger.cpp(75,104): error C2677: binary '>=': no global operator found which takes type 'Mes' (or there is no acceptable conversion)
C:\Users\Owne\source\repos\TP-FINAL\TP final 3.0\Logger.cpp(75,127): error C2677: binary '<=': no global operator found which takes type 'Mes' (or there is no acceptable conversion)
C:\Users\Owne\source\repos\TP-FINAL\TP final 3.0\Logger.cpp(75,158): error C3867: 'Log::getanio': non-standard syntax; use '&' to create a pointer to member
C:\Users\Owne\source\repos\TP-FINAL\TP final 3.0\Logger.cpp(75,158): error C2446: '==': no conversion from 'int' to 'int (__thiscall Log::* )(void)'
C:\Users\Owne\source\repos\TP-FINAL\TP final 3.0\Logger.cpp(75,153): message : There are no conversions from integral values to pointer-to-member values
C:\Users\Owne\source\repos\TP-FINAL\TP final 3.0\Logger.cpp(84,31): error C2677: binary '==': no global operator found which takes type 'tipoServicio' (or there is no acceptable conversion)
C:\Users\Owne\source\repos\TP-FINAL\TP final 3.0\Logger.cpp(84,56): error C2677: binary '>=': no global operator found which takes type 'Dia' (or there is no acceptable conversion)
C:\Users\Owne\source\repos\TP-FINAL\TP final 3.0\Logger.cpp(84,80): error C2677: binary '<=': no global operator found which takes type 'Dia' (or there is no acceptable conversion)
C:\Users\Owne\source\repos\TP-FINAL\TP final 3.0\Logger.cpp(84,104): error C2677: binary '>=': no global operator found which takes type 'Mes' (or there is no acceptable conversion)
C:\Users\Owne\source\repos\TP-FINAL\TP final 3.0\Logger.cpp(84,127): error C2677: binary '<=': no global operator found which takes type 'Mes' (or there is no acceptable conversion)
C:\Users\Owne\source\repos\TP-FINAL\TP final 3.0\Logger.cpp(84,158): error C3867: 'Log::getanio': non-standard syntax; use '&' to create a pointer to member
C:\Users\Owne\source\repos\TP-FINAL\TP final 3.0\Logger.cpp(84,158): error C2446: '==': no conversion from 'int' to 'int (__thiscall Log::* )(void)'
C:\Users\Owne\source\repos\TP-FINAL\TP final 3.0\Logger.cpp(84,153): message : There are no conversions from integral values to pointer-to-member values
C:\Users\Owne\source\repos\TP-FINAL\TP final 3.0\Logger.cpp(95,27): error C3867: 'Log::getnombreS': non-standard syntax; use '&' to create a pointer to member
C:\Users\Owne\source\repos\TP-FINAL\TP final 3.0\Logger.cpp(95,27): error C2440: 'return': cannot convert from 'std::string (__thiscall Log::* )(void)' to 'std::basic_string<char,std::char_traits<char>,std::allocator<char>>'
C:\Users\Owne\source\repos\TP-FINAL\TP final 3.0\Logger.cpp(95,27): message : No constructor could take the source type, or constructor overload resolution was ambiguous
C:\Users\Owne\source\repos\TP-FINAL\TP final 3.0\Logger.cpp(105,31): error C2677: binary '==': no global operator found which takes type 'tipoServicio' (or there is no acceptable conversion)
C:\Users\Owne\source\repos\TP-FINAL\TP final 3.0\Logger.cpp(105,56): error C2677: binary '>=': no global operator found which takes type 'Dia' (or there is no acceptable conversion)
C:\Users\Owne\source\repos\TP-FINAL\TP final 3.0\Logger.cpp(105,80): error C2677: binary '<=': no global operator found which takes type 'Dia' (or there is no acceptable conversion)
C:\Users\Owne\source\repos\TP-FINAL\TP final 3.0\Logger.cpp(105,104): error C2677: binary '>=': no global operator found which takes type 'Mes' (or there is no acceptable conversion)
C:\Users\Owne\source\repos\TP-FINAL\TP final 3.0\Logger.cpp(105,127): error C2677: binary '<=': no global operator found which takes type 'Mes' (or there is no acceptable conversion)
C:\Users\Owne\source\repos\TP-FINAL\TP final 3.0\Logger.cpp(105,158): error C3867: 'Log::getanio': non-standard syntax; use '&' to create a pointer to member
C:\Users\Owne\source\repos\TP-FINAL\TP final 3.0\Logger.cpp(105,158): error C2446: '==': no conversion from 'int' to 'int (__thiscall Log::* )(void)'
C:\Users\Owne\source\repos\TP-FINAL\TP final 3.0\Logger.cpp(105,153): message : There are no conversions from integral values to pointer-to-member values
C:\Users\Owne\source\repos\TP-FINAL\TP final 3.0\Logger.cpp(114,31): error C2677: binary '==': no global operator found which takes type 'tipoServicio' (or there is no acceptable conversion)
C:\Users\Owne\source\repos\TP-FINAL\TP final 3.0\Logger.cpp(114,56): error C2677: binary '>=': no global operator found which takes type 'Dia' (or there is no acceptable conversion)
C:\Users\Owne\source\repos\TP-FINAL\TP final 3.0\Logger.cpp(114,80): error C2677: binary '<=': no global operator found which takes type 'Dia' (or there is no acceptable conversion)
C:\Users\Owne\source\repos\TP-FINAL\TP final 3.0\Logger.cpp(114,104): error C2677: binary '>=': no global operator found which takes type 'Mes' (or there is no acceptable conversion)
C:\Users\Owne\source\repos\TP-FINAL\TP final 3.0\Logger.cpp(114,127): error C2677: binary '<=': no global operator found which takes type 'Mes' (or there is no acceptable conversion)
C:\Users\Owne\source\repos\TP-FINAL\TP final 3.0\Logger.cpp(114,158): error C3867: 'Log::getanio': non-standard syntax; use '&' to create a pointer to member
C:\Users\Owne\source\repos\TP-FINAL\TP final 3.0\Logger.cpp(114,158): error C2446: '==': no conversion from 'int' to 'int (__thiscall Log::* )(void)'
C:\Users\Owne\source\repos\TP-FINAL\TP final 3.0\Logger.cpp(114,153): message : There are no conversions from integral values to pointer-to-member values
C:\Users\Owne\source\repos\TP-FINAL\TP final 3.0\Logger.cpp(125,27): error C3867: 'Log::getnombreS': non-standard syntax; use '&' to create a pointer to member
C:\Users\Owne\source\repos\TP-FINAL\TP final 3.0\Logger.cpp(125,27): error C2440: 'return': cannot convert from 'std::string (__thiscall Log::* )(void)' to 'std::basic_string<char,std::char_traits<char>,std::allocator<char>>'
C:\Users\Owne\source\repos\TP-FINAL\TP final 3.0\Logger.cpp(125,27): message : No constructor could take the source type, or constructor overload resolution was ambiguous
C:\Users\Owne\source\repos\TP-FINAL\TP final 3.0\Logger.cpp(135,22): error C2677: binary '>=': no global operator found which takes type 'Dia' (or there is no acceptable conversion)
C:\Users\Owne\source\repos\TP-FINAL\TP final 3.0\Logger.cpp(135,50): error C2677: binary '<=': no global operator found which takes type 'Dia' (or there is no acceptable conversion)
C:\Users\Owne\source\repos\TP-FINAL\TP final 3.0\Logger.cpp(135,78): error C2677: binary '>=': no global operator found which takes type 'Mes' (or there is no acceptable conversion)
C:\Users\Owne\source\repos\TP-FINAL\TP final 3.0\Logger.cpp(135,105): error C2677: binary '<=': no global operator found which takes type 'Mes' (or there is no acceptable conversion)
C:\Users\Owne\source\repos\TP-FINAL\TP final 3.0\Logger.cpp(135,140): error C3867: 'Log::getanio': non-standard syntax; use '&' to create a pointer to member
C:\Users\Owne\source\repos\TP-FINAL\TP final 3.0\Logger.cpp(135,140): error C2446: '==': no conversion from 'int' to 'int (__thiscall Log::* )(void)'
C:\Users\Owne\source\repos\TP-FINAL\TP final 3.0\Logger.cpp(135,136): message : There are no conversions from integral values to pointer-to-member values
C:\Users\Owne\source\repos\TP-FINAL\TP final 3.0\Logger.cpp(145,14): warning C4244: 'return': conversion from 'long' to 'float', possible loss of data
  main.cpp
C:\Users\Owne\source\repos\TP-FINAL\TP final 3.0\cUsuario.h(10,21): error C2365: 'free': redefinition; previous definition was 'function'
C:\Program Files (x86)\Windows Kits\10\Include\10.0.18362.0\ucrt\corecrt_malloc.h(85): message : see declaration of 'free'
C:\Users\Owne\source\repos\TP-FINAL\TP final 3.0\cService.h(7,19): error C2011: 'tipoServicio': 'enum' type redefinition
C:\Users\Owne\source\repos\TP-FINAL\TP final 3.0\cService.h(7): message : see declaration of 'tipoServicio'
C:\Users\Owne\source\repos\TP-FINAL\TP final 3.0\cService.h(12,1): error C2011: 'cService': 'class' type redefinition
C:\Users\Owne\source\repos\TP-FINAL\TP final 3.0\cService.h(11): message : see declaration of 'cService'
C:\Users\Owne\source\repos\TP-FINAL\TP final 3.0\cUsuario.h(10,19): error C2011: 'eTipoUsuario': 'enum' type redefinition
C:\Users\Owne\source\repos\TP-FINAL\TP final 3.0\cUsuario.h(10): message : see declaration of 'eTipoUsuario'
C:\Users\Owne\source\repos\TP-FINAL\TP final 3.0\cUsuario.h(13,1): error C2011: 'cUsuario': 'class' type redefinition
C:\Users\Owne\source\repos\TP-FINAL\TP final 3.0\cService.h(6): message : see declaration of 'cUsuario'
C:\Users\Owne\source\repos\TP-FINAL\TP final 3.0\cPeliculas.h(8,1): error C2504: 'cService': base class undefined
C:\Users\Owne\source\repos\TP-FINAL\TP final 3.0\cJuegos.h(7,3): error C2365: 'accion': redefinition; previous definition was 'enumerator'
C:\Users\Owne\source\repos\TP-FINAL\TP final 3.0\cPeliculas.h(4): message : see declaration of 'accion'
C:\Users\Owne\source\repos\TP-FINAL\TP final 3.0\cJuegos.h(7,19): error C2365: 'aventura': redefinition; previous definition was 'enumerator'
C:\Users\Owne\source\repos\TP-FINAL\TP final 3.0\cPeliculas.h(4): message : see declaration of 'aventura'
C:\Users\Owne\source\repos\TP-FINAL\TP final 3.0\cJuegos.h(11,1): error C2504: 'cService': base class undefined
C:\Users\Owne\source\repos\TP-FINAL\TP final 3.0\cMusica.h(9,1): error C2504: 'cService': base class undefined
C:\Users\Owne\source\repos\TP-FINAL\TP final 3.0\generator.h(20,19): warning C4018: '<': signed/unsigned mismatch
C:\Users\Owne\source\repos\TP-FINAL\TP final 3.0\generator.h(32,19): warning C4018: '<': signed/unsigned mismatch
C:\Users\Owne\source\repos\TP-FINAL\TP final 3.0\generator.h(44,19): warning C4018: '<': signed/unsigned mismatch
C:\Users\Owne\source\repos\TP-FINAL\TP final 3.0\generator.h(58,19): warning C4018: '<': signed/unsigned mismatch
C:\Users\Owne\source\repos\TP-FINAL\TP final 3.0\generator.h(71,19): warning C4018: '<': signed/unsigned mismatch
C:\Users\Owne\source\repos\TP-FINAL\TP final 3.0\generator.h(84,20): warning C4018: '<': signed/unsigned mismatch
C:\Users\Owne\source\repos\TP-FINAL\TP final 3.0\generator.h(101,109): error C2027: use of undefined type 'cUsuario'
C:\Users\Owne\source\repos\TP-FINAL\TP final 3.0\cService.h(6): message : see declaration of 'cUsuario'
C:\Users\Owne\source\repos\TP-FINAL\TP final 3.0\generator.h(110,12): warning C4244: 'argument': conversion from 'time_t' to 'unsigned int', possible loss of data
C:\Users\Owne\source\repos\TP-FINAL\TP final 3.0\generator.h(114,19): warning C4018: '<': signed/unsigned mismatch
C:\Users\Owne\source\repos\TP-FINAL\TP final 3.0\generator.h(128,9): error C2374: 'aux': redefinition; multiple initialization
C:\Users\Owne\source\repos\TP-FINAL\TP final 3.0\generator.h(113): message : see declaration of 'aux'
C:\Users\Owne\source\repos\TP-FINAL\TP final 3.0\generator.h(129,19): warning C4018: '<': signed/unsigned mismatch
C:\Users\Owne\source\repos\TP-FINAL\TP final 3.0\generator.h(131,8): error C2088: '+=': illegal for class
C:\Users\Owne\source\repos\TP-FINAL\TP final 3.0\generator.h(141,9): error C2374: 'aux': redefinition; multiple initialization
C:\Users\Owne\source\repos\TP-FINAL\TP final 3.0\generator.h(113): message : see declaration of 'aux'
C:\Users\Owne\source\repos\TP-FINAL\TP final 3.0\generator.h(142,19): warning C4018: '<': signed/unsigned mismatch
C:\Users\Owne\source\repos\TP-FINAL\TP final 3.0\generator.h(144,8): error C2088: '+=': illegal for class
C:\Users\Owne\source\repos\TP-FINAL\TP final 3.0\generator.h(156,16): warning C4018: '<': signed/unsigned mismatch
C:\Users\Owne\source\repos\TP-FINAL\TP final 3.0\generator.h(163,9): error C2088: '+=': illegal for class
C:\Users\Owne\source\repos\TP-FINAL\TP final 3.0\generator.h(173,66): error C2440: '=': cannot convert from 'cJuegos *' to 'cService *'
C:\Users\Owne\source\repos\TP-FINAL\TP final 3.0\generator.h(173,21): message : Types pointed to are unrelated; conversion requires reinterpret_cast, C-style cast or function-style cast
C:\Users\Owne\source\repos\TP-FINAL\TP final 3.0\generator.h(181,16): warning C4018: '<': signed/unsigned mismatch
C:\Users\Owne\source\repos\TP-FINAL\TP final 3.0\generator.h(191,9): error C2088: '+=': illegal for class
C:\Users\Owne\source\repos\TP-FINAL\TP final 3.0\generator.h(201,65): error C2440: '=': cannot convert from 'cMusica *' to 'cService *'
C:\Users\Owne\source\repos\TP-FINAL\TP final 3.0\generator.h(201,20): message : Types pointed to are unrelated; conversion requires reinterpret_cast, C-style cast or function-style cast
C:\Users\Owne\source\repos\TP-FINAL\TP final 3.0\generator.h(210,13): warning C4018: '<': signed/unsigned mismatch
C:\Users\Owne\source\repos\TP-FINAL\TP final 3.0\generator.h(220,9): error C2088: '+=': illegal for class
C:\Users\Owne\source\repos\TP-FINAL\TP final 3.0\generator.h(229,72): error C2440: '=': cannot convert from 'cPeliculas *' to 'cService *'
C:\Users\Owne\source\repos\TP-FINAL\TP final 3.0\generator.h(229,24): message : Types pointed to are unrelated; conversion requires reinterpret_cast, C-style cast or function-style cast
C:\Users\Owne\source\repos\TP-FINAL\TP final 3.0\Log.h(10,10): error C2011: 'Mes': 'enum' type redefinition
C:\Users\Owne\source\repos\TP-FINAL\TP final 3.0\Log.h(10): message : see declaration of 'Mes'
C:\Users\Owne\source\repos\TP-FINAL\TP final 3.0\Log.h(11,10): error C2011: 'Dia': 'enum' type redefinition
C:\Users\Owne\source\repos\TP-FINAL\TP final 3.0\Log.h(11): message : see declaration of 'Dia'
C:\Users\Owne\source\repos\TP-FINAL\TP final 3.0\Log.h(14,1): error C2011: 'Log': 'class' type redefinition
C:\Users\Owne\source\repos\TP-FINAL\TP final 3.0\Log.h(13): message : see declaration of 'Log'
C:\Users\Owne\source\repos\TP-FINAL\TP final 3.0\main.cpp(15,1): warning C4005: 'NMAX': macro redefinition
C:\Users\Owne\source\repos\TP-FINAL\TP final 3.0\cListaT.h(2): message : see previous definition of 'NMAX'
C:\Users\Owne\source\repos\TP-FINAL\TP final 3.0\main.cpp(39,61): error C2664: 'cStreaming::cStreaming(const cStreaming &)': cannot convert argument 2 from 'cListaT<cUsuario>' to 'cListaT<cService>'
C:\Users\Owne\source\repos\TP-FINAL\TP final 3.0\main.cpp(39,47): message : No user-defined-conversion operator available that can perform this conversion, or the operator cannot be called
C:\Users\Owne\source\repos\TP-FINAL\TP final 3.0\cStreaming.h(28,2): message : see declaration of 'cStreaming::cStreaming'
  Generating Code...
